2017-05-29 01:40:45,447: INFO - mpcs_utils (line 55): https://ec2-54-82-205-103.compute-1.amazonaws.com:4433/register
2017-05-29 23:28:30,780: INFO - mpcs_utils (line 94): https://ec2-54-82-205-103.compute-1.amazonaws.com:4433/login
2017-05-29 23:28:38,656: INFO - mpcs_utils (line 94): https://ec2-54-82-205-103.compute-1.amazonaws.com:4433/login
2017-05-29 23:29:21,727: INFO - mpcs_utils (line 55): https://ec2-54-82-205-103.compute-1.amazonaws.com:4433/register
2017-05-29 23:30:17,166: INFO - mpcs_utils (line 94): https://ec2-54-82-205-103.compute-1.amazonaws.com:4433/login
2017-05-29 23:30:26,486: INFO - mpcs_utils (line 94): https://ec2-54-82-205-103.compute-1.amazonaws.com:4433/login
2017-05-29 23:30:44,809: INFO - mpcs_utils (line 94): https://ec2-54-82-205-103.compute-1.amazonaws.com:4433/login
2017-05-30 00:39:46,351: INFO - mpcs_utils (line 55): https://ec2-54-82-205-103.compute-1.amazonaws.com:4433/register
2017-05-30 00:39:57,996: INFO - mpcs_utils (line 55): https://liweitian.ucmpcs.org:4433/register
2017-05-30 00:40:25,841: INFO - mpcs_utils (line 77): https://liweitian.ucmpcs.org:4433/register/3130809fc8544df4b94ff00c6cb128b8
2017-05-30 00:40:31,216: INFO - mpcs_utils (line 94): https://liweitian.ucmpcs.org:4433/login
2017-05-30 00:42:19,040: INFO - mpcs_utils (line 112): https://liweitian.ucmpcs.org:4433/logout
2017-05-30 00:42:19,083: INFO - mpcs_utils (line 94): https://liweitian.ucmpcs.org:4433/login
2017-05-30 00:43:27,343: INFO - mpcs_utils (line 112): https://liweitian.ucmpcs.org:4433/logout
2017-05-30 00:43:27,406: INFO - mpcs_utils (line 94): https://liweitian.ucmpcs.org:4433/login
2017-05-30 03:48:26,845: INFO - mpcs_utils (line 94): https://liweitian.ucmpcs.org:4433/login
2017-05-30 03:48:46,321: INFO - mpcs_utils (line 112): https://liweitian.ucmpcs.org:4433/logout
2017-05-30 03:48:46,354: INFO - mpcs_utils (line 94): https://liweitian.ucmpcs.org:4433/login
2017-05-30 19:21:50,173: INFO - mpcs_utils (line 94): https://liweitian.ucmpcs.org:4433/login
2017-05-30 19:29:16,909: INFO - mpcs_utils (line 94): https://liweitian.ucmpcs.org:4433/login
2017-05-30 19:29:18,414: INFO - mpcs_utils (line 113): https://liweitian.ucmpcs.org:4433/logout
2017-05-30 19:29:18,498: INFO - mpcs_utils (line 94): https://liweitian.ucmpcs.org:4433/login
2017-05-30 19:29:53,628: INFO - mpcs_utils (line 94): https://liweitian.ucmpcs.org:4433/login
2017-05-30 19:30:12,719: INFO - mpcs_utils (line 94): https://liweitian.ucmpcs.org:4433/login
2017-05-30 19:37:51,836: INFO - mpcs_utils (line 94): https://liweitian.ucmpcs.org:4433/login
2017-05-30 19:40:49,619: INFO - mpcs_utils (line 113): https://liweitian.ucmpcs.org:4433/logout
2017-05-30 19:40:49,713: INFO - mpcs_utils (line 94): https://liweitian.ucmpcs.org:4433/login
2017-05-30 19:40:54,232: INFO - mpcs_utils (line 161): https://liweitian.ucmpcs.org:4433/annotate
2017-05-30 19:53:19,344: INFO - mpcs_utils (line 94): https://liweitian.ucmpcs.org:4433/login
2017-05-30 19:53:21,397: INFO - mpcs_utils (line 113): https://liweitian.ucmpcs.org:4433/logout
2017-05-30 19:53:21,450: INFO - mpcs_utils (line 94): https://liweitian.ucmpcs.org:4433/login
2017-05-30 19:53:25,462: INFO - mpcs_utils (line 94): https://liweitian.ucmpcs.org:4433/login
2017-05-30 19:53:27,598: INFO - mpcs_utils (line 161): https://liweitian.ucmpcs.org:4433/annotate
2017-05-30 19:56:54,540: INFO - mpcs_utils (line 94): https://liweitian.ucmpcs.org:4433/login
2017-05-30 20:03:07,723: INFO - mpcs_utils (line 113): https://liweitian.ucmpcs.org:4433/logout
2017-05-30 20:03:07,787: INFO - mpcs_utils (line 94): https://liweitian.ucmpcs.org:4433/login
2017-05-30 20:03:10,197: INFO - mpcs_utils (line 161): https://liweitian.ucmpcs.org:4433/annotate
2017-05-30 20:45:49,440: INFO - mpcs_utils (line 161): https://liweitian.ucmpcs.org:4433/annotate
2017-05-30 20:45:57,736: INFO - mpcs_utils (line 113): https://liweitian.ucmpcs.org:4433/logout
2017-05-30 20:45:57,780: INFO - mpcs_utils (line 94): https://liweitian.ucmpcs.org:4433/login
2017-05-30 20:46:04,562: INFO - mpcs_utils (line 161): https://liweitian.ucmpcs.org:4433/annotate
2017-05-30 20:46:41,001: INFO - mpcs_utils (line 113): https://liweitian.ucmpcs.org:4433/logout
2017-05-30 20:46:41,055: INFO - mpcs_utils (line 94): https://liweitian.ucmpcs.org:4433/login
2017-05-30 20:46:49,204: INFO - mpcs_utils (line 161): https://liweitian.ucmpcs.org:4433/annotate
2017-05-30 20:59:12,126: INFO - mpcs_utils (line 94): https://liweitian.ucmpcs.org:4433/login
2017-05-30 20:59:13,994: INFO - mpcs_utils (line 161): https://liweitian.ucmpcs.org:4433/annotate
2017-05-30 21:02:04,627: INFO - mpcs_utils (line 161): https://liweitian.ucmpcs.org:4433/annotate
2017-05-30 21:05:51,725: INFO - mpcs_utils (line 113): https://liweitian.ucmpcs.org:4433/logout
2017-05-30 21:05:51,850: INFO - mpcs_utils (line 94): https://liweitian.ucmpcs.org:4433/login
2017-05-30 21:05:56,426: INFO - mpcs_utils (line 161): https://liweitian.ucmpcs.org:4433/annotate
2017-05-30 21:07:53,522: INFO - mpcs_utils (line 161): https://liweitian.ucmpcs.org:4433/annotate
2017-05-30 21:09:17,476: INFO - mpcs_utils (line 161): https://liweitian.ucmpcs.org:4433/annotate
2017-05-30 21:10:02,567: INFO - mpcs_utils (line 161): https://liweitian.ucmpcs.org:4433/annotate
2017-05-31 17:46:20,516: INFO - mpcs_utils (line 94): https://liweitian.ucmpcs.org:4433/login
2017-05-31 17:46:21,681: INFO - mpcs_utils (line 161): https://liweitian.ucmpcs.org:4433/annotate
2017-05-31 17:52:24,142: INFO - mpcs_utils (line 113): https://liweitian.ucmpcs.org:4433/logout
2017-05-31 17:52:24,175: INFO - mpcs_utils (line 94): https://liweitian.ucmpcs.org:4433/login
2017-05-31 17:52:25,664: INFO - mpcs_utils (line 161): https://liweitian.ucmpcs.org:4433/annotate
2017-05-31 17:53:30,591: INFO - mpcs_utils (line 161): https://liweitian.ucmpcs.org:4433/annotate
2017-05-31 17:54:29,569: INFO - mpcs_utils (line 161): https://liweitian.ucmpcs.org:4433/annotate
2017-05-31 18:18:48,089: INFO - mpcs_utils (line 113): https://liweitian.ucmpcs.org:4433/logout
2017-05-31 18:18:48,123: INFO - mpcs_utils (line 94): https://liweitian.ucmpcs.org:4433/login
2017-05-31 18:18:49,928: INFO - mpcs_utils (line 161): https://liweitian.ucmpcs.org:4433/annotate
2017-05-31 18:21:18,772: INFO - mpcs_utils (line 94): https://liweitian.ucmpcs.org:4433/login
2017-05-31 18:22:48,381: INFO - mpcs_utils (line 113): https://liweitian.ucmpcs.org:4433/logout
2017-05-31 18:22:48,414: INFO - mpcs_utils (line 94): https://liweitian.ucmpcs.org:4433/login
2017-05-31 18:22:49,109: INFO - mpcs_utils (line 94): https://liweitian.ucmpcs.org:4433/login
2017-05-31 18:22:50,225: INFO - mpcs_utils (line 161): https://liweitian.ucmpcs.org:4433/annotate
2017-05-31 18:27:34,679: INFO - mpcs_utils (line 94): https://liweitian.ucmpcs.org:4433/login
2017-05-31 18:45:49,068: INFO - mpcs_utils (line 94): https://liweitian.ucmpcs.org:4433/login
2017-05-31 18:47:50,588: INFO - mpcs_utils (line 161): https://liweitian.ucmpcs.org:4433/annotate
2017-05-31 18:47:55,600: INFO - mpcs_utils (line 161): https://liweitian.ucmpcs.org:4433/annotate
2017-05-31 18:47:56,371: INFO - mpcs_utils (line 161): https://liweitian.ucmpcs.org:4433/annotate
2017-05-31 18:50:38,761: INFO - mpcs_utils (line 113): https://liweitian.ucmpcs.org:4433/logout
2017-05-31 18:50:38,795: INFO - mpcs_utils (line 94): https://liweitian.ucmpcs.org:4433/login
2017-05-31 18:50:53,326: INFO - mpcs_utils (line 161): https://liweitian.ucmpcs.org:4433/annotate
2017-05-31 18:50:53,358: INFO - mpcs_utils (line 94): https://liweitian.ucmpcs.org:4433/login?redirect_url=https://liweitian.ucmpcs.org:4433/annotate
2017-05-31 18:51:16,951: INFO - mpcs_utils (line 94): https://liweitian.ucmpcs.org:4433/login
2017-05-31 18:51:18,670: INFO - mpcs_utils (line 161): https://liweitian.ucmpcs.org:4433/annotate
2017-05-31 18:51:20,246: INFO - mpcs_utils (line 161): https://liweitian.ucmpcs.org:4433/annotate
2017-05-31 18:51:23,897: INFO - mpcs_utils (line 113): https://liweitian.ucmpcs.org:4433/logout
2017-05-31 18:51:23,930: INFO - mpcs_utils (line 94): https://liweitian.ucmpcs.org:4433/login
2017-05-31 18:51:27,252: INFO - mpcs_utils (line 161): https://liweitian.ucmpcs.org:4433/annotate
2017-05-31 18:51:27,284: INFO - mpcs_utils (line 94): https://liweitian.ucmpcs.org:4433/login?redirect_url=https://liweitian.ucmpcs.org:4433/annotate
2017-05-31 18:51:29,460: INFO - mpcs_utils (line 161): https://liweitian.ucmpcs.org:4433/annotate
2017-05-31 18:51:41,528: INFO - mpcs_utils (line 113): https://liweitian.ucmpcs.org:4433/logout
2017-05-31 18:51:41,560: INFO - mpcs_utils (line 94): https://liweitian.ucmpcs.org:4433/login
2017-05-31 18:53:25,367: INFO - mpcs_utils (line 55): https://liweitian.ucmpcs.org:4433/register
2017-05-31 18:54:20,336: INFO - mpcs_utils (line 77): https://liweitian.ucmpcs.org:4433/register/9c3468dd856946a89b041a82c7c4b050
2017-05-31 18:54:20,989: INFO - mpcs_utils (line 77): https://liweitian.ucmpcs.org/register/9c3468dd856946a89b041a82c7c4b050
2017-05-31 18:54:23,639: INFO - mpcs_utils (line 94): https://liweitian.ucmpcs.org:4433/login
2017-05-31 18:54:30,774: INFO - mpcs_utils (line 94): https://liweitian.ucmpcs.org:4433/login
2017-05-31 18:54:34,077: INFO - mpcs_utils (line 161): https://liweitian.ucmpcs.org:4433/annotate
2017-05-31 23:19:23,641: INFO - mpcs_utils (line 161): https://liweitian.ucmpcs.org:4433/annotate
2017-05-31 23:49:09,697: INFO - mpcs_utils (line 161): https://liweitian.ucmpcs.org:4433/annotate
2017-05-31 23:53:19,562: INFO - mpcs_utils (line 161): https://liweitian.ucmpcs.org:4433/annotate
2017-06-01 00:14:39,703: INFO - mpcs_utils (line 161): https://liweitian.ucmpcs.org:4433/annotate
2017-06-01 00:28:00,128: INFO - mpcs_utils (line 161): https://liweitian.ucmpcs.org:4433/annotate
2017-06-01 00:29:00,358: INFO - mpcs_utils (line 161): https://liweitian.ucmpcs.org:4433/annotate
2017-06-01 00:30:08,640: INFO - mpcs_utils (line 161): https://liweitian.ucmpcs.org:4433/annotate
2017-06-01 06:44:47,185: INFO - mpcs_utils (line 113): https://liweitian.ucmpcs.org:4433/logout
2017-06-01 06:44:47,229: INFO - mpcs_utils (line 94): https://liweitian.ucmpcs.org:4433/login
2017-06-01 06:44:48,976: INFO - mpcs_utils (line 161): https://liweitian.ucmpcs.org:4433/annotate
2017-06-01 19:05:41,787: INFO - mpcs_utils (line 113): https://liweitian.ucmpcs.org:4433/logout
2017-06-01 19:05:41,831: INFO - mpcs_utils (line 94): https://liweitian.ucmpcs.org:4433/login
2017-06-01 19:05:43,535: INFO - mpcs_utils (line 161): https://liweitian.ucmpcs.org:4433/annotate
2017-06-01 19:47:14,625: INFO - mpcs_utils (line 161): https://liweitian.ucmpcs.org:4433/annotate
2017-06-01 20:21:23,919: INFO - mpcs_utils (line 161): https://liweitian.ucmpcs.org:4433/annotate
2017-06-01 20:46:53,612: INFO - mpcs_utils (line 161): https://liweitian.ucmpcs.org:4433/annotate
2017-06-01 21:09:13,392: INFO - mpcs_utils (line 113): https://liweitian.ucmpcs.org:4433/logout
2017-06-01 21:09:13,446: INFO - mpcs_utils (line 94): https://liweitian.ucmpcs.org:4433/login
2017-06-01 21:09:14,717: INFO - mpcs_utils (line 94): https://liweitian.ucmpcs.org:4433/login
2017-06-01 21:09:16,469: INFO - mpcs_utils (line 161): https://liweitian.ucmpcs.org:4433/annotate
2017-06-01 21:46:23,166: INFO - mpcs_utils (line 161): https://liweitian.ucmpcs.org:4433/annotate
2017-06-01 22:04:26,298: INFO - mpcs_utils (line 113): https://liweitian.ucmpcs.org:4433/logout
2017-06-01 22:04:26,342: INFO - mpcs_utils (line 94): https://liweitian.ucmpcs.org:4433/login
2017-06-01 22:04:27,446: INFO - mpcs_utils (line 94): https://liweitian.ucmpcs.org:4433/login
2017-06-01 22:04:28,392: INFO - mpcs_utils (line 161): https://liweitian.ucmpcs.org:4433/annotate
2017-06-01 22:34:58,606: INFO - mpcs_utils (line 161): https://liweitian.ucmpcs.org:4433/annotate
2017-06-01 22:51:02,948: INFO - mpcs_utils (line 161): https://liweitian.ucmpcs.org:4433/annotate
2017-06-01 23:14:09,356: INFO - mpcs_utils (line 161): https://liweitian.ucmpcs.org:4433/annotate
2017-06-01 23:16:08,609: INFO - mpcs_utils (line 161): https://liweitian.ucmpcs.org:4433/annotate
2017-06-01 23:17:40,408: INFO - mpcs_utils (line 161): https://liweitian.ucmpcs.org:4433/annotate
2017-06-01 23:18:41,617: INFO - mpcs_utils (line 161): https://liweitian.ucmpcs.org:4433/annotate
2017-06-01 23:18:53,267: INFO - mpcs_utils (line 161): https://liweitian.ucmpcs.org:4433/annotate
2017-06-01 23:20:23,860: INFO - mpcs_utils (line 161): https://liweitian.ucmpcs.org:4433/annotate
2017-06-01 23:20:28,054: INFO - mpcs_utils (line 161): https://liweitian.ucmpcs.org:4433/annotate/job?bucket=gas-inputs&key=liweitian%2Flwt%2F33d7252c-a35f-4609-a7c7-e133a244f626%7Etest.vcf&etag=%22c6e5aa20fe3abc1ac9e89b84fc738fb2%22
2017-06-01 23:20:47,866: INFO - mpcs_utils (line 161): https://liweitian.ucmpcs.org:4433/annotate
2017-06-01 23:20:49,998: INFO - mpcs_utils (line 161): https://liweitian.ucmpcs.org:4433/annotate
2017-06-01 23:20:54,249: INFO - mpcs_utils (line 161): https://liweitian.ucmpcs.org:4433/annotate/job?bucket=gas-inputs&key=liweitian%2Flwt%2Fc6f36a28-2b16-43f9-b1a8-b53b3698da46%7Etest.vcf&etag=%22c6e5aa20fe3abc1ac9e89b84fc738fb2%22
2017-06-01 23:24:14,528: INFO - mpcs_utils (line 161): https://liweitian.ucmpcs.org:4433/annotate
2017-06-02 00:43:03,669: INFO - mpcs_utils (line 161): https://liweitian.ucmpcs.org:4433/annotate
2017-06-02 00:55:09,593: INFO - mpcs_utils (line 161): https://liweitian.ucmpcs.org:4433/annotate
2017-06-02 01:44:11,718: INFO - mpcs_utils (line 113): https://liweitian.ucmpcs.org:4433/logout
2017-06-02 01:44:12,260: INFO - mpcs_utils (line 94): https://liweitian.ucmpcs.org:4433/login
2017-06-02 01:44:17,075: INFO - mpcs_utils (line 94): https://liweitian.ucmpcs.org:4433/login
2017-06-02 01:44:20,872: INFO - mpcs_utils (line 161): https://liweitian.ucmpcs.org:4433/annotate
2017-06-02 03:54:03,780: INFO - mpcs_utils (line 113): https://liweitian.ucmpcs.org:4433/logout
2017-06-02 03:54:03,823: INFO - mpcs_utils (line 94): https://liweitian.ucmpcs.org:4433/login
2017-06-02 03:54:05,865: INFO - mpcs_utils (line 161): https://liweitian.ucmpcs.org:4433/annotate
2017-06-02 04:05:23,173: INFO - mpcs_utils (line 161): https://liweitian.ucmpcs.org:4433/annotate
2017-06-02 04:09:48,404: INFO - mpcs_utils (line 161): https://liweitian.ucmpcs.org:4433/annotate
2017-06-02 04:15:23,380: INFO - mpcs_utils (line 161): https://liweitian.ucmpcs.org:4433/annotate
2017-06-02 04:22:08,450: INFO - mpcs_utils (line 161): https://liweitian.ucmpcs.org:4433/annotate
2017-06-02 04:41:21,622: INFO - mpcs_utils (line 161): https://liweitian.ucmpcs.org:4433/annotate
2017-06-02 04:41:36,648: INFO - mpcs_utils (line 161): https://liweitian.ucmpcs.org:4433/annotate
2017-06-02 04:42:08,508: INFO - mpcs_utils (line 161): https://liweitian.ucmpcs.org:4433/annotate
2017-06-02 04:42:17,511: INFO - mpcs_utils (line 161): https://liweitian.ucmpcs.org:4433/annotate
2017-06-02 06:18:24,437: INFO - mpcs_utils (line 161): https://liweitian.ucmpcs.org:4433/annotate
2017-06-02 06:53:53,612: INFO - mpcs_utils (line 113): https://liweitian.ucmpcs.org:4433/logout
2017-06-02 06:53:53,667: INFO - mpcs_utils (line 94): https://liweitian.ucmpcs.org:4433/login
2017-06-02 06:53:55,604: INFO - mpcs_utils (line 161): https://liweitian.ucmpcs.org:4433/annotate
2017-06-02 06:59:22,321: INFO - mpcs_utils (line 163): https://liweitian.ucmpcs.org:4433/annotate
2017-06-02 06:59:43,873: INFO - mpcs_utils (line 113): https://liweitian.ucmpcs.org:4433/logout
2017-06-02 06:59:43,907: INFO - mpcs_utils (line 94): https://liweitian.ucmpcs.org:4433/login
2017-06-02 06:59:47,719: INFO - mpcs_utils (line 94): https://liweitian.ucmpcs.org:4433/login?redirect_url=https://liweitian.ucmpcs.org:4433/profile
2017-06-02 06:59:55,233: INFO - mpcs_utils (line 55): https://liweitian.ucmpcs.org:4433/register
2017-06-02 06:59:58,784: INFO - mpcs_utils (line 94): https://liweitian.ucmpcs.org:4433/login?redirect_url=https://liweitian.ucmpcs.org:4433/profile
2017-06-02 07:00:02,746: INFO - mpcs_utils (line 163): https://liweitian.ucmpcs.org:4433/annotate
2017-06-02 07:10:06,907: INFO - mpcs_utils (line 113): https://liweitian.ucmpcs.org:4433/logout
2017-06-02 07:10:06,951: INFO - mpcs_utils (line 94): https://liweitian.ucmpcs.org:4433/login
2017-06-02 07:10:08,194: INFO - mpcs_utils (line 165): https://liweitian.ucmpcs.org:4433/annotate
2017-06-02 07:20:06,834: INFO - mpcs_utils (line 113): https://liweitian.ucmpcs.org:4433/logout
2017-06-02 07:20:06,878: INFO - mpcs_utils (line 94): https://liweitian.ucmpcs.org:4433/login
2017-06-02 07:20:08,172: INFO - mpcs_utils (line 165): https://liweitian.ucmpcs.org:4433/annotate
2017-06-02 20:52:42,875: INFO - mpcs_utils (line 167): https://liweitian.ucmpcs.org:4433/annotate
2017-06-03 22:08:26,944: INFO - mpcs_utils (line 95): https://liweitian.ucmpcs.org:4433/login
2017-06-03 22:08:28,245: INFO - mpcs_utils (line 167): https://liweitian.ucmpcs.org:4433/annotate
2017-06-04 21:53:29,583: INFO - mpcs_utils (line 97): https://liweitian.ucmpcs.org:4433/login
2017-06-04 21:53:30,836: INFO - mpcs_utils (line 170): https://liweitian.ucmpcs.org:4433/annotate
2017-06-04 21:53:34,665: INFO - mpcs_utils (line 170): https://liweitian.ucmpcs.org:4433/annotate
2017-06-04 22:01:57,171: INFO - mpcs_utils (line 116): https://liweitian.ucmpcs.org:4433/logout
2017-06-04 22:01:57,214: INFO - mpcs_utils (line 97): https://liweitian.ucmpcs.org:4433/login
2017-06-04 22:01:58,815: INFO - mpcs_utils (line 58): https://liweitian.ucmpcs.org:4433/register
2017-06-04 22:02:11,412: INFO - mpcs_utils (line 58): https://liweitian.ucmpcs.org:4433/register
2017-06-04 22:02:20,272: INFO - mpcs_utils (line 58): https://liweitian.ucmpcs.org:4433/register
2017-06-04 22:02:24,134: INFO - mpcs_utils (line 97): https://liweitian.ucmpcs.org:4433/login
2017-06-04 22:02:27,449: INFO - mpcs_utils (line 170): https://liweitian.ucmpcs.org:4433/annotate
2017-06-04 22:03:00,483: INFO - mpcs_utils (line 170): https://liweitian.ucmpcs.org:4433/annotate
2017-06-04 23:02:01,207: INFO - mpcs_utils (line 116): https://liweitian.ucmpcs.org:4433/logout
2017-06-04 23:02:01,312: INFO - mpcs_utils (line 97): https://liweitian.ucmpcs.org:4433/login
2017-06-04 23:02:04,931: INFO - mpcs_utils (line 97): https://liweitian.ucmpcs.org:4433/login
2017-06-04 23:02:09,678: INFO - mpcs_utils (line 179): https://liweitian.ucmpcs.org:4433/annotate
2017-06-04 23:02:19,414: INFO - mpcs_utils (line 179): https://liweitian.ucmpcs.org:4433/annotate
2017-06-04 23:22:36,308: INFO - mpcs_utils (line 179): https://liweitian.ucmpcs.org:4433/annotate
2017-06-04 23:28:20,647: INFO - mpcs_utils (line 179): https://liweitian.ucmpcs.org:4433/annotate
2017-06-04 23:29:55,484: INFO - mpcs_utils (line 179): https://liweitian.ucmpcs.org:4433/annotate
2017-06-04 23:30:54,486: INFO - mpcs_utils (line 179): https://liweitian.ucmpcs.org:4433/annotate
2017-06-04 23:32:56,131: INFO - mpcs_utils (line 179): https://liweitian.ucmpcs.org:4433/annotate
2017-06-04 23:34:59,002: INFO - mpcs_utils (line 179): https://liweitian.ucmpcs.org:4433/annotate
2017-06-04 23:36:45,012: INFO - mpcs_utils (line 179): https://liweitian.ucmpcs.org:4433/annotate
2017-06-04 23:37:23,835: INFO - mpcs_utils (line 179): https://liweitian.ucmpcs.org:4433/annotate
2017-06-04 23:42:50,462: INFO - mpcs_utils (line 179): https://liweitian.ucmpcs.org:4433/annotate
2017-06-04 23:44:18,602: INFO - mpcs_utils (line 179): https://liweitian.ucmpcs.org:4433/annotate
2017-06-04 23:45:59,506: INFO - mpcs_utils (line 179): https://liweitian.ucmpcs.org:4433/annotate
2017-06-04 23:58:07,890: INFO - mpcs_utils (line 179): https://liweitian.ucmpcs.org:4433/annotate
2017-06-05 00:11:12,481: INFO - mpcs_utils (line 179): https://liweitian.ucmpcs.org:4433/annotate
2017-06-05 00:37:50,117: INFO - mpcs_utils (line 116): https://liweitian.ucmpcs.org:4433/logout
2017-06-05 00:37:50,202: INFO - mpcs_utils (line 97): https://liweitian.ucmpcs.org:4433/login
2017-06-05 00:37:55,305: INFO - mpcs_utils (line 183): https://liweitian.ucmpcs.org:4433/annotate
2017-06-05 00:44:01,232: INFO - mpcs_utils (line 183): https://liweitian.ucmpcs.org:4433/annotate
2017-06-05 00:49:50,935: INFO - mpcs_utils (line 183): https://liweitian.ucmpcs.org:4433/annotate
2017-06-05 00:53:34,555: INFO - mpcs_utils (line 183): https://liweitian.ucmpcs.org:4433/annotate
2017-06-05 01:08:21,580: INFO - mpcs_utils (line 183): https://liweitian.ucmpcs.org:4433/annotate
2017-06-05 02:09:40,881: INFO - mpcs_utils (line 183): https://liweitian.ucmpcs.org:4433/annotate
2017-06-05 02:15:17,557: INFO - mpcs_utils (line 183): https://liweitian.ucmpcs.org:4433/annotate
2017-06-05 03:07:45,160: INFO - mpcs_utils (line 183): https://liweitian.ucmpcs.org:4433/annotate
2017-06-05 03:10:53,584: INFO - mpcs_utils (line 183): https://liweitian.ucmpcs.org:4433/annotate
2017-06-05 03:16:02,871: INFO - mpcs_utils (line 183): https://liweitian.ucmpcs.org:4433/annotate
2017-06-05 03:39:34,484: INFO - mpcs_utils (line 183): https://liweitian.ucmpcs.org:4433/annotate
2017-06-05 04:41:16,659: INFO - mpcs_utils (line 183): https://liweitian.ucmpcs.org:4433/annotate
2017-06-05 04:43:55,267: INFO - mpcs_utils (line 183): https://liweitian.ucmpcs.org:4433/annotate
2017-06-05 04:44:19,722: INFO - mpcs_utils (line 183): https://liweitian.ucmpcs.org:4433/annotate
2017-06-05 04:44:35,640: INFO - mpcs_utils (line 183): https://liweitian.ucmpcs.org:4433/annotate
2017-06-05 04:49:26,246: INFO - mpcs_utils (line 116): https://liweitian.ucmpcs.org:4433/logout
2017-06-05 04:49:26,279: INFO - mpcs_utils (line 97): https://liweitian.ucmpcs.org:4433/login
2017-06-05 04:49:27,867: INFO - mpcs_utils (line 183): https://liweitian.ucmpcs.org:4433/annotate
2017-06-05 04:49:33,947: INFO - mpcs_utils (line 183): https://liweitian.ucmpcs.org:4433/annotate
2017-06-05 04:50:17,424: INFO - mpcs_utils (line 183): https://liweitian.ucmpcs.org:4433/annotate
2017-06-05 05:36:49,087: INFO - mpcs_utils (line 183): https://liweitian.ucmpcs.org:4433/annotate
2017-06-05 05:39:26,398: INFO - mpcs_utils (line 183): https://liweitian.ucmpcs.org:4433/annotate
2017-06-05 05:41:52,010: INFO - mpcs_utils (line 183): https://liweitian.ucmpcs.org:4433/annotate
2017-06-05 05:42:13,249: INFO - mpcs_utils (line 183): https://liweitian.ucmpcs.org:4433/annotate
2017-06-05 05:44:32,539: INFO - mpcs_utils (line 183): https://liweitian.ucmpcs.org:4433/annotate
2017-06-05 05:46:07,744: INFO - mpcs_utils (line 183): https://liweitian.ucmpcs.org:4433/annotate
2017-06-05 05:48:13,044: INFO - mpcs_utils (line 183): https://liweitian.ucmpcs.org:4433/annotate
2017-06-05 05:49:10,256: INFO - mpcs_utils (line 183): https://liweitian.ucmpcs.org:4433/annotate
2017-06-05 05:50:31,790: INFO - mpcs_utils (line 183): https://liweitian.ucmpcs.org:4433/annotate
2017-06-05 05:52:42,170: INFO - mpcs_utils (line 183): https://liweitian.ucmpcs.org:4433/annotate
2017-06-05 05:53:26,118: INFO - mpcs_utils (line 183): https://liweitian.ucmpcs.org:4433/annotate
2017-06-05 05:53:34,181: INFO - mpcs_utils (line 183): https://liweitian.ucmpcs.org:4433/annotate
2017-06-05 06:02:07,010: INFO - mpcs_utils (line 183): https://liweitian.ucmpcs.org:4433/annotate
2017-06-05 06:37:24,307: INFO - mpcs_utils (line 116): https://liweitian.ucmpcs.org:4433/logout
2017-06-05 06:37:24,341: INFO - mpcs_utils (line 97): https://liweitian.ucmpcs.org:4433/login
2017-06-05 06:37:28,504: INFO - mpcs_utils (line 183): https://liweitian.ucmpcs.org:4433/annotate
2017-06-05 06:37:32,709: INFO - mpcs_utils (line 183): https://liweitian.ucmpcs.org:4433/annotate
2017-06-05 06:37:38,743: INFO - mpcs_utils (line 183): https://liweitian.ucmpcs.org:4433/annotate
2017-06-05 06:41:26,824: INFO - mpcs_utils (line 183): https://liweitian.ucmpcs.org:4433/annotate
2017-06-05 06:41:32,370: INFO - mpcs_utils (line 183): https://liweitian.ucmpcs.org:4433/annotate
2017-06-05 06:41:38,185: INFO - mpcs_utils (line 183): https://liweitian.ucmpcs.org:4433/annotate
2017-06-05 06:51:11,087: INFO - mpcs_utils (line 183): https://liweitian.ucmpcs.org:4433/annotate
2017-06-05 06:52:05,623: INFO - mpcs_utils (line 183): https://liweitian.ucmpcs.org:4433/annotate
2017-06-05 17:20:07,276: INFO - mpcs_utils (line 97): https://liweitian.ucmpcs.org:4433/login
2017-06-05 17:20:09,067: INFO - mpcs_utils (line 197): https://liweitian.ucmpcs.org:4433/annotate
2017-06-05 17:31:24,164: INFO - mpcs_utils (line 198): https://liweitian.ucmpcs.org:4433/annotate
2017-06-05 17:32:20,300: INFO - mpcs_utils (line 198): https://liweitian.ucmpcs.org:4433/annotate
2017-06-05 17:34:58,033: INFO - mpcs_utils (line 198): https://liweitian.ucmpcs.org:4433/annotate
2017-06-05 17:35:23,849: INFO - mpcs_utils (line 198): https://liweitian.ucmpcs.org:4433/annotate
2017-06-05 17:47:39,492: INFO - mpcs_utils (line 198): https://liweitian.ucmpcs.org:4433/annotate
2017-06-05 17:51:20,686: INFO - mpcs_utils (line 198): https://liweitian.ucmpcs.org:4433/annotate
2017-06-05 17:57:03,644: INFO - mpcs_utils (line 116): https://liweitian.ucmpcs.org:4433/logout
2017-06-05 17:57:03,688: INFO - mpcs_utils (line 97): https://liweitian.ucmpcs.org:4433/login
2017-06-05 17:57:05,061: INFO - mpcs_utils (line 198): https://liweitian.ucmpcs.org:4433/annotate
2017-06-05 17:57:42,924: INFO - mpcs_utils (line 198): https://liweitian.ucmpcs.org:4433/annotate
2017-06-05 17:59:00,058: INFO - mpcs_utils (line 198): https://liweitian.ucmpcs.org:4433/annotate
2017-06-05 17:59:05,464: INFO - mpcs_utils (line 198): https://liweitian.ucmpcs.org:4433/annotate
2017-06-05 18:22:49,139: INFO - mpcs_utils (line 116): https://liweitian.ucmpcs.org:4433/logout
2017-06-05 18:22:49,194: INFO - mpcs_utils (line 97): https://liweitian.ucmpcs.org:4433/login
2017-06-05 18:22:50,702: INFO - mpcs_utils (line 195): https://liweitian.ucmpcs.org:4433/annotate
2017-06-05 18:23:32,049: INFO - mpcs_utils (line 195): https://liweitian.ucmpcs.org:4433/annotate
2017-06-05 18:48:51,475: INFO - mpcs_utils (line 195): https://liweitian.ucmpcs.org:4433/annotate
2017-06-05 18:48:53,788: INFO - mpcs_utils (line 195): https://liweitian.ucmpcs.org:4433/annotate
2017-06-05 18:49:08,184: INFO - mpcs_utils (line 195): https://liweitian.ucmpcs.org:4433/annotate
2017-06-05 18:49:25,724: INFO - mpcs_utils (line 195): https://liweitian.ucmpcs.org:4433/annotate
2017-06-05 18:50:23,518: INFO - mpcs_utils (line 195): https://liweitian.ucmpcs.org:4433/annotate
2017-06-06 02:14:37,532: INFO - mpcs_utils (line 116): https://liweitian.ucmpcs.org:4433/logout
2017-06-06 02:14:37,576: INFO - mpcs_utils (line 97): https://liweitian.ucmpcs.org:4433/login
2017-06-06 02:14:43,299: INFO - mpcs_utils (line 97): https://liweitian.ucmpcs.org:4433/login
2017-06-06 02:14:45,115: INFO - mpcs_utils (line 58): https://liweitian.ucmpcs.org:4433/register
2017-06-06 02:20:42,611: INFO - mpcs_utils (line 58): https://liweitian.ucmpcs.org:4433/register
2017-06-06 02:21:12,935: INFO - mpcs_utils (line 80): https://liweitian.ucmpcs.org/register/f8961bb5e177482b9afe7ef98383be53
2017-06-06 02:21:14,067: INFO - mpcs_utils (line 80): https://liweitian.ucmpcs.org:4433/register/f8961bb5e177482b9afe7ef98383be53
2017-06-06 02:21:36,283: INFO - mpcs_utils (line 80): https://liweitian.ucmpcs.org:4433/register/f8961bb5e177482b9afe7ef98383be53
2017-06-06 02:21:44,515: INFO - mpcs_utils (line 97): https://liweitian.ucmpcs.org:4433/login
2017-06-06 02:21:52,240: INFO - mpcs_utils (line 195): https://liweitian.ucmpcs.org:4433/annotate
2017-06-06 02:22:08,732: INFO - mpcs_utils (line 116): https://liweitian.ucmpcs.org:4433/logout
2017-06-06 02:22:08,776: INFO - mpcs_utils (line 97): https://liweitian.ucmpcs.org:4433/login
2017-06-06 02:22:11,680: INFO - mpcs_utils (line 58): https://liweitian.ucmpcs.org:4433/register
2017-06-06 02:22:50,275: INFO - mpcs_utils (line 80): https://liweitian.ucmpcs.org/register/da80511bd081473b84970d6ed4a3ff1a
2017-06-06 02:22:50,461: INFO - mpcs_utils (line 80): https://liweitian.ucmpcs.org:4433/register/da80511bd081473b84970d6ed4a3ff1a
2017-06-06 02:23:07,073: INFO - mpcs_utils (line 97): https://liweitian.ucmpcs.org:4433/login
2017-06-06 02:23:11,747: INFO - mpcs_utils (line 195): https://liweitian.ucmpcs.org:4433/annotate
2017-06-06 02:24:08,703: INFO - mpcs_utils (line 80): https://liweitian.ucmpcs.org/register/f8961bb5e177482b9afe7ef98383be53
2017-06-06 02:29:08,478: INFO - mpcs_utils (line 58): https://liweitian.ucmpcs.org:4433/register
2017-06-06 02:29:46,027: INFO - mpcs_utils (line 116): https://liweitian.ucmpcs.org:4433/logout
2017-06-06 02:29:46,070: INFO - mpcs_utils (line 97): https://liweitian.ucmpcs.org:4433/login
2017-06-06 02:29:47,328: INFO - mpcs_utils (line 58): https://liweitian.ucmpcs.org:4433/register
2017-06-06 02:32:00,214: INFO - mpcs_utils (line 80): https://liweitian.ucmpcs.org/register/fb35f7836f8f4a5ebcc20eadd2c6a04c
2017-06-06 02:32:04,506: INFO - mpcs_utils (line 80): https://liweitian.ucmpcs.org:4433/register/fb35f7836f8f4a5ebcc20eadd2c6a04c
2017-06-06 02:33:15,134: INFO - mpcs_utils (line 97): https://liweitian.ucmpcs.org:4433/login
2017-06-06 02:33:19,445: INFO - mpcs_utils (line 195): https://liweitian.ucmpcs.org:4433/annotate
2017-06-06 02:34:40,128: INFO - mpcs_utils (line 195): https://liweitian.ucmpcs.org:4433/annotate
2017-06-06 02:34:47,885: INFO - mpcs_utils (line 195): https://liweitian.ucmpcs.org:4433/annotate
